android/app/build/intermediates/manifest_merge_blame_file/release/manifest-merger-blame-release-report.txt
1<?xml version="1.0" encoding="utf-8"?>
2<manifest xmlns:android="http://schemas.android.com/apk/res/android"
3    package="com.nagsh"
4    android:versionCode="1"
5    android:versionName="1.0" >
6
7    <uses-sdk
8        android:minSdkVersion="21"
9        android:targetSdkVersion="34" />
10
11    <uses-permission android:name="android.permission.INTERNET" />
11-->src/main/AndroidManifest.xml:3:5-67
11-->src/main/AndroidManifest.xml:3:22-64
12    <uses-permission android:name="android.permission.ACCESS_NETWORK_STATE" />
12-->src/main/AndroidManifest.xml:4:5-79
12-->src/main/AndroidManifest.xml:4:22-76
13    <uses-permission android:name="android.permission.READ_MEDIA_IMAGES" />
13-->src/main/AndroidManifest.xml:5:5-75
13-->src/main/AndroidManifest.xml:5:22-73
14    <uses-permission android:name="android.permission.READ_EXTERNAL_STORAGE" />
14-->src/main/AndroidManifest.xml:6:5-79
14-->src/main/AndroidManifest.xml:6:22-77
15    <uses-permission android:name="android.permission.WRITE_EXTERNAL_STORAGE" />
15-->src/main/AndroidManifest.xml:7:5-80
15-->src/main/AndroidManifest.xml:7:22-78
16
17    <queries>
17-->[:react-native-image-crop-picker] AndroidManifest.xml:7:5-11:15
18        <intent>
18-->[:react-native-image-crop-picker] AndroidManifest.xml:8:9-10:18
19            <action android:name="android.media.action.IMAGE_CAPTURE" />
19-->[:react-native-image-crop-picker] AndroidManifest.xml:9:13-73
19-->[:react-native-image-crop-picker] AndroidManifest.xml:9:21-70
20        </intent>
21        <!-- Needs to be explicitly declared on Android R+ -->
22        <package android:name="com.google.android.apps.maps" />
22-->[com.google.android.gms:play-services-maps:18.2.0] AndroidManifest.xml:33:9-64
22-->[com.google.android.gms:play-services-maps:18.2.0] AndroidManifest.xml:33:18-61
23    </queries>
24
25    <uses-feature
25-->[com.google.android.gms:play-services-maps:18.2.0] AndroidManifest.xml:26:5-28:35
26        android:glEsVersion="0x00020000"
26-->[com.google.android.gms:play-services-maps:18.2.0] AndroidManifest.xml:27:9-41
27        android:required="true" />
27-->[com.google.android.gms:play-services-maps:18.2.0] AndroidManifest.xml:28:9-32
28
29    <uses-permission android:name="android.permission.WAKE_LOCK" />
29-->[androidx.work:work-runtime:2.7.1] AndroidManifest.xml:25:5-68
29-->[androidx.work:work-runtime:2.7.1] AndroidManifest.xml:25:22-65
30    <uses-permission android:name="android.permission.RECEIVE_BOOT_COMPLETED" />
30-->[androidx.work:work-runtime:2.7.1] AndroidManifest.xml:27:5-81
30-->[androidx.work:work-runtime:2.7.1] AndroidManifest.xml:27:22-78
31    <uses-permission android:name="android.permission.FOREGROUND_SERVICE" />
31-->[androidx.work:work-runtime:2.7.1] AndroidManifest.xml:28:5-77
31-->[androidx.work:work-runtime:2.7.1] AndroidManifest.xml:28:22-74
32
33    <permission
33-->[androidx.core:core:1.9.0] AndroidManifest.xml:22:5-24:47
34        android:name="com.nagsh.DYNAMIC_RECEIVER_NOT_EXPORTED_PERMISSION"
34-->[androidx.core:core:1.9.0] AndroidManifest.xml:23:9-81
35        android:protectionLevel="signature" />
35-->[androidx.core:core:1.9.0] AndroidManifest.xml:24:9-44
36
37    <uses-permission android:name="com.nagsh.DYNAMIC_RECEIVER_NOT_EXPORTED_PERMISSION" />
37-->[androidx.core:core:1.9.0] AndroidManifest.xml:26:5-97
37-->[androidx.core:core:1.9.0] AndroidManifest.xml:26:22-94
38
39    <application
39-->src/main/AndroidManifest.xml:9:5-34:19
40        android:name="com.nagsh.MainApplication"
40-->src/main/AndroidManifest.xml:10:7-38
41        android:allowBackup="false"
41-->src/main/AndroidManifest.xml:14:7-34
42        android:appComponentFactory="androidx.core.app.CoreComponentFactory"
42-->[androidx.core:core:1.9.0] AndroidManifest.xml:28:18-86
43        android:extractNativeLibs="true"
44        android:icon="@mipmap/ic_launcher"
44-->src/main/AndroidManifest.xml:12:7-41
45        android:label="@string/app_name"
45-->src/main/AndroidManifest.xml:11:7-39
46        android:roundIcon="@mipmap/ic_launcher_round"
46-->src/main/AndroidManifest.xml:13:7-52
47        android:supportsRtl="true"
47-->src/main/AndroidManifest.xml:15:7-33
48        android:theme="@style/AppTheme"
48-->src/main/AndroidManifest.xml:17:7-38
49        android:usesCleartextTraffic="true" >
49-->src/main/AndroidManifest.xml:16:7-42
50        <activity
50-->src/main/AndroidManifest.xml:18:7-30:18
51            android:name="com.nagsh.MainActivity"
51-->src/main/AndroidManifest.xml:19:9-37
52            android:configChanges="keyboard|keyboardHidden|orientation|screenLayout|screenSize|smallestScreenSize|uiMode"
52-->src/main/AndroidManifest.xml:21:9-118
53            android:exported="true"
53-->src/main/AndroidManifest.xml:25:9-32
54            android:label="@string/app_name"
54-->src/main/AndroidManifest.xml:20:9-41
55            android:launchMode="singleTask"
55-->src/main/AndroidManifest.xml:22:9-40
56            android:usesCleartextTraffic="true"
56-->src/main/AndroidManifest.xml:23:9-44
57            android:windowSoftInputMode="adjustResize" >
57-->src/main/AndroidManifest.xml:24:9-51
58            <intent-filter>
58-->src/main/AndroidManifest.xml:26:9-29:25
59                <action android:name="android.intent.action.MAIN" />
59-->src/main/AndroidManifest.xml:27:13-65
59-->src/main/AndroidManifest.xml:27:21-62
60
61                <category android:name="android.intent.category.LAUNCHER" />
61-->src/main/AndroidManifest.xml:28:13-73
61-->src/main/AndroidManifest.xml:28:23-70
62            </intent-filter>
63        </activity>
64
65        <meta-data
65-->src/main/AndroidManifest.xml:31:8-33:24
66            android:name="com.google.android.geo.API_KEY"
66-->src/main/AndroidManifest.xml:32:6-51
67            android:value="" />
67-->src/main/AndroidManifest.xml:33:6-22
68
69        <provider
69-->[:react-native-image-crop-picker] AndroidManifest.xml:16:9-24:20
70            android:name="com.reactnative.ivpusic.imagepicker.IvpusicImagePickerFileProvider"
70-->[:react-native-image-crop-picker] AndroidManifest.xml:17:13-94
71            android:authorities="com.nagsh.provider"
71-->[:react-native-image-crop-picker] AndroidManifest.xml:18:13-60
72            android:exported="false"
72-->[:react-native-image-crop-picker] AndroidManifest.xml:19:13-37
73            android:grantUriPermissions="true" >
73-->[:react-native-image-crop-picker] AndroidManifest.xml:20:13-47
74            <meta-data
74-->[:react-native-image-crop-picker] AndroidManifest.xml:21:13-23:78
75                android:name="android.support.FILE_PROVIDER_PATHS"
75-->[:react-native-image-crop-picker] AndroidManifest.xml:22:17-67
76                android:resource="@xml/ivpusic_imagepicker_provider_paths" />
76-->[:react-native-image-crop-picker] AndroidManifest.xml:23:17-75
77        </provider>
78
79        <activity
79-->[:react-native-image-crop-picker] AndroidManifest.xml:26:9-28:72
80            android:name="com.yalantis.ucrop.UCropActivity"
80-->[:react-native-image-crop-picker] AndroidManifest.xml:27:13-60
81            android:theme="@style/Theme.AppCompat.Light.NoActionBar" />
81-->[:react-native-image-crop-picker] AndroidManifest.xml:28:13-69
82
83        <meta-data
83-->[com.google.maps.android:android-maps-utils:3.8.2] AndroidManifest.xml:8:9-10:69
84            android:name="com.google.android.gms.version"
84-->[com.google.maps.android:android-maps-utils:3.8.2] AndroidManifest.xml:9:13-58
85            android:value="@integer/google_play_services_version" /> <!-- Needs to be explicitly declared on P+ -->
85-->[com.google.maps.android:android-maps-utils:3.8.2] AndroidManifest.xml:10:13-66
86        <uses-library
86-->[com.google.android.gms:play-services-maps:18.2.0] AndroidManifest.xml:39:9-41:40
87            android:name="org.apache.http.legacy"
87-->[com.google.android.gms:play-services-maps:18.2.0] AndroidManifest.xml:40:13-50
88            android:required="false" />
88-->[com.google.android.gms:play-services-maps:18.2.0] AndroidManifest.xml:41:13-37
89
90        <activity
90-->[com.google.android.gms:play-services-base:18.2.0] AndroidManifest.xml:20:9-22:45
91            android:name="com.google.android.gms.common.api.GoogleApiActivity"
91-->[com.google.android.gms:play-services-base:18.2.0] AndroidManifest.xml:20:19-85
92            android:exported="false"
92-->[com.google.android.gms:play-services-base:18.2.0] AndroidManifest.xml:22:19-43
93            android:theme="@android:style/Theme.Translucent.NoTitleBar" />
93-->[com.google.android.gms:play-services-base:18.2.0] AndroidManifest.xml:21:19-78
94
95        <provider
95-->[androidx.work:work-runtime:2.7.1] AndroidManifest.xml:31:9-39:20
96            android:name="androidx.startup.InitializationProvider"
96-->[androidx.work:work-runtime:2.7.1] AndroidManifest.xml:32:13-67
97            android:authorities="com.nagsh.androidx-startup"
97-->[androidx.work:work-runtime:2.7.1] AndroidManifest.xml:33:13-68
98            android:exported="false" >
98-->[androidx.work:work-runtime:2.7.1] AndroidManifest.xml:34:13-37
99            <meta-data
99-->[androidx.work:work-runtime:2.7.1] AndroidManifest.xml:36:13-38:52
100                android:name="androidx.work.WorkManagerInitializer"
100-->[androidx.work:work-runtime:2.7.1] AndroidManifest.xml:37:17-68
101                android:value="androidx.startup" />
101-->[androidx.work:work-runtime:2.7.1] AndroidManifest.xml:38:17-49
102            <meta-data
102-->[androidx.emoji2:emoji2:1.2.0] AndroidManifest.xml:29:13-31:52
103                android:name="androidx.emoji2.text.EmojiCompatInitializer"
103-->[androidx.emoji2:emoji2:1.2.0] AndroidManifest.xml:30:17-75
104                android:value="androidx.startup" />
104-->[androidx.emoji2:emoji2:1.2.0] AndroidManifest.xml:31:17-49
105            <meta-data
105-->[androidx.lifecycle:lifecycle-process:2.4.1] AndroidManifest.xml:31:13-33:52
106                android:name="androidx.lifecycle.ProcessLifecycleInitializer"
106-->[androidx.lifecycle:lifecycle-process:2.4.1] AndroidManifest.xml:32:17-78
107                android:value="androidx.startup" />
107-->[androidx.lifecycle:lifecycle-process:2.4.1] AndroidManifest.xml:33:17-49
108        </provider>
109
110        <service
110-->[androidx.work:work-runtime:2.7.1] AndroidManifest.xml:41:9-46:35
111            android:name="androidx.work.impl.background.systemalarm.SystemAlarmService"
111-->[androidx.work:work-runtime:2.7.1] AndroidManifest.xml:42:13-88
112            android:directBootAware="false"
112-->[androidx.work:work-runtime:2.7.1] AndroidManifest.xml:43:13-44
113            android:enabled="@bool/enable_system_alarm_service_default"
113-->[androidx.work:work-runtime:2.7.1] AndroidManifest.xml:44:13-72
114            android:exported="false" />
114-->[androidx.work:work-runtime:2.7.1] AndroidManifest.xml:45:13-37
115        <service
115-->[androidx.work:work-runtime:2.7.1] AndroidManifest.xml:47:9-53:35
116            android:name="androidx.work.impl.background.systemjob.SystemJobService"
116-->[androidx.work:work-runtime:2.7.1] AndroidManifest.xml:48:13-84
117            android:directBootAware="false"
117-->[androidx.work:work-runtime:2.7.1] AndroidManifest.xml:49:13-44
118            android:enabled="@bool/enable_system_job_service_default"
118-->[androidx.work:work-runtime:2.7.1] AndroidManifest.xml:50:13-70
119            android:exported="true"
119-->[androidx.work:work-runtime:2.7.1] AndroidManifest.xml:51:13-36
120            android:permission="android.permission.BIND_JOB_SERVICE" />
120-->[androidx.work:work-runtime:2.7.1] AndroidManifest.xml:52:13-69
121        <service
121-->[androidx.work:work-runtime:2.7.1] AndroidManifest.xml:54:9-59:35
122            android:name="androidx.work.impl.foreground.SystemForegroundService"
122-->[androidx.work:work-runtime:2.7.1] AndroidManifest.xml:55:13-81
123            android:directBootAware="false"
123-->[androidx.work:work-runtime:2.7.1] AndroidManifest.xml:56:13-44
124            android:enabled="@bool/enable_system_foreground_service_default"
124-->[androidx.work:work-runtime:2.7.1] AndroidManifest.xml:57:13-77
125            android:exported="false" />
125-->[androidx.work:work-runtime:2.7.1] AndroidManifest.xml:58:13-37
126
127        <receiver
127-->[androidx.work:work-runtime:2.7.1] AndroidManifest.xml:61:9-66:35
128            android:name="androidx.work.impl.utils.ForceStopRunnable$BroadcastReceiver"
128-->[androidx.work:work-runtime:2.7.1] AndroidManifest.xml:62:13-88
129            android:directBootAware="false"
129-->[androidx.work:work-runtime:2.7.1] AndroidManifest.xml:63:13-44
130            android:enabled="true"
130-->[androidx.work:work-runtime:2.7.1] AndroidManifest.xml:64:13-35
131            android:exported="false" />
131-->[androidx.work:work-runtime:2.7.1] AndroidManifest.xml:65:13-37
132        <receiver
132-->[androidx.work:work-runtime:2.7.1] AndroidManifest.xml:67:9-77:20
133            android:name="androidx.work.impl.background.systemalarm.ConstraintProxy$BatteryChargingProxy"
133-->[androidx.work:work-runtime:2.7.1] AndroidManifest.xml:68:13-106
134            android:directBootAware="false"
134-->[androidx.work:work-runtime:2.7.1] AndroidManifest.xml:69:13-44
135            android:enabled="false"
135-->[androidx.work:work-runtime:2.7.1] AndroidManifest.xml:70:13-36
136            android:exported="false" >
136-->[androidx.work:work-runtime:2.7.1] AndroidManifest.xml:71:13-37
137            <intent-filter>
137-->[androidx.work:work-runtime:2.7.1] AndroidManifest.xml:73:13-76:29
138                <action android:name="android.intent.action.ACTION_POWER_CONNECTED" />
138-->[androidx.work:work-runtime:2.7.1] AndroidManifest.xml:74:17-87
138-->[androidx.work:work-runtime:2.7.1] AndroidManifest.xml:74:25-84
139                <action android:name="android.intent.action.ACTION_POWER_DISCONNECTED" />
139-->[androidx.work:work-runtime:2.7.1] AndroidManifest.xml:75:17-90
139-->[androidx.work:work-runtime:2.7.1] AndroidManifest.xml:75:25-87
140            </intent-filter>
141        </receiver>
142        <receiver
142-->[androidx.work:work-runtime:2.7.1] AndroidManifest.xml:78:9-88:20
143            android:name="androidx.work.impl.background.systemalarm.ConstraintProxy$BatteryNotLowProxy"
143-->[androidx.work:work-runtime:2.7.1] AndroidManifest.xml:79:13-104
144            android:directBootAware="false"
144-->[androidx.work:work-runtime:2.7.1] AndroidManifest.xml:80:13-44
145            android:enabled="false"
145-->[androidx.work:work-runtime:2.7.1] AndroidManifest.xml:81:13-36
146            android:exported="false" >
146-->[androidx.work:work-runtime:2.7.1] AndroidManifest.xml:82:13-37
147            <intent-filter>
147-->[androidx.work:work-runtime:2.7.1] AndroidManifest.xml:84:13-87:29
148                <action android:name="android.intent.action.BATTERY_OKAY" />
148-->[androidx.work:work-runtime:2.7.1] AndroidManifest.xml:85:17-77
148-->[androidx.work:work-runtime:2.7.1] AndroidManifest.xml:85:25-74
149                <action android:name="android.intent.action.BATTERY_LOW" />
149-->[androidx.work:work-runtime:2.7.1] AndroidManifest.xml:86:17-76
149-->[androidx.work:work-runtime:2.7.1] AndroidManifest.xml:86:25-73
150            </intent-filter>
151        </receiver>
152        <receiver
152-->[androidx.work:work-runtime:2.7.1] AndroidManifest.xml:89:9-99:20
153            android:name="androidx.work.impl.background.systemalarm.ConstraintProxy$StorageNotLowProxy"
153-->[androidx.work:work-runtime:2.7.1] AndroidManifest.xml:90:13-104
154            android:directBootAware="false"
154-->[androidx.work:work-runtime:2.7.1] AndroidManifest.xml:91:13-44
155            android:enabled="false"
155-->[androidx.work:work-runtime:2.7.1] AndroidManifest.xml:92:13-36
156            android:exported="false" >
156-->[androidx.work:work-runtime:2.7.1] AndroidManifest.xml:93:13-37
157            <intent-filter>
157-->[androidx.work:work-runtime:2.7.1] AndroidManifest.xml:95:13-98:29
158                <action android:name="android.intent.action.DEVICE_STORAGE_LOW" />
158-->[androidx.work:work-runtime:2.7.1] AndroidManifest.xml:96:17-83
158-->[androidx.work:work-runtime:2.7.1] AndroidManifest.xml:96:25-80
159                <action android:name="android.intent.action.DEVICE_STORAGE_OK" />
159-->[androidx.work:work-runtime:2.7.1] AndroidManifest.xml:97:17-82
159-->[androidx.work:work-runtime:2.7.1] AndroidManifest.xml:97:25-79
160            </intent-filter>
161        </receiver>
162        <receiver
162-->[androidx.work:work-runtime:2.7.1] AndroidManifest.xml:100:9-109:20
163            android:name="androidx.work.impl.background.systemalarm.ConstraintProxy$NetworkStateProxy"
163-->[androidx.work:work-runtime:2.7.1] AndroidManifest.xml:101:13-103
164            android:directBootAware="false"
164-->[androidx.work:work-runtime:2.7.1] AndroidManifest.xml:102:13-44
165            android:enabled="false"
165-->[androidx.work:work-runtime:2.7.1] AndroidManifest.xml:103:13-36
166            android:exported="false" >
166-->[androidx.work:work-runtime:2.7.1] AndroidManifest.xml:104:13-37
167            <intent-filter>
167-->[androidx.work:work-runtime:2.7.1] AndroidManifest.xml:106:13-108:29
168                <action android:name="android.net.conn.CONNECTIVITY_CHANGE" />
168-->[androidx.work:work-runtime:2.7.1] AndroidManifest.xml:107:17-79
168-->[androidx.work:work-runtime:2.7.1] AndroidManifest.xml:107:25-76
169            </intent-filter>
170        </receiver>
171        <receiver
171-->[androidx.work:work-runtime:2.7.1] AndroidManifest.xml:110:9-121:20
172            android:name="androidx.work.impl.background.systemalarm.RescheduleReceiver"
172-->[androidx.work:work-runtime:2.7.1] AndroidManifest.xml:111:13-88
173            android:directBootAware="false"
173-->[androidx.work:work-runtime:2.7.1] AndroidManifest.xml:112:13-44
174            android:enabled="false"
174-->[androidx.work:work-runtime:2.7.1] AndroidManifest.xml:113:13-36
175            android:exported="false" >
175-->[androidx.work:work-runtime:2.7.1] AndroidManifest.xml:114:13-37
176            <intent-filter>
176-->[androidx.work:work-runtime:2.7.1] AndroidManifest.xml:116:13-120:29
177                <action android:name="android.intent.action.BOOT_COMPLETED" />
177-->[androidx.work:work-runtime:2.7.1] AndroidManifest.xml:117:17-79
177-->[androidx.work:work-runtime:2.7.1] AndroidManifest.xml:117:25-76
178                <action android:name="android.intent.action.TIME_SET" />
178-->[androidx.work:work-runtime:2.7.1] AndroidManifest.xml:118:17-73
178-->[androidx.work:work-runtime:2.7.1] AndroidManifest.xml:118:25-70
179                <action android:name="android.intent.action.TIMEZONE_CHANGED" />
179-->[androidx.work:work-runtime:2.7.1] AndroidManifest.xml:119:17-81
179-->[androidx.work:work-runtime:2.7.1] AndroidManifest.xml:119:25-78
180            </intent-filter>
181        </receiver>
182        <receiver
182-->[androidx.work:work-runtime:2.7.1] AndroidManifest.xml:122:9-131:20
183            android:name="androidx.work.impl.background.systemalarm.ConstraintProxyUpdateReceiver"
183-->[androidx.work:work-runtime:2.7.1] AndroidManifest.xml:123:13-99
184            android:directBootAware="false"
184-->[androidx.work:work-runtime:2.7.1] AndroidManifest.xml:124:13-44
185            android:enabled="@bool/enable_system_alarm_service_default"
185-->[androidx.work:work-runtime:2.7.1] AndroidManifest.xml:125:13-72
186            android:exported="false" >
186-->[androidx.work:work-runtime:2.7.1] AndroidManifest.xml:126:13-37
187            <intent-filter>
187-->[androidx.work:work-runtime:2.7.1] AndroidManifest.xml:128:13-130:29
188                <action android:name="androidx.work.impl.background.systemalarm.UpdateProxies" />
188-->[androidx.work:work-runtime:2.7.1] AndroidManifest.xml:129:17-98
188-->[androidx.work:work-runtime:2.7.1] AndroidManifest.xml:129:25-95
189            </intent-filter>
190        </receiver>
191        <receiver
191-->[androidx.work:work-runtime:2.7.1] AndroidManifest.xml:132:9-142:20
192            android:name="androidx.work.impl.diagnostics.DiagnosticsReceiver"
192-->[androidx.work:work-runtime:2.7.1] AndroidManifest.xml:133:13-78
193            android:directBootAware="false"
193-->[androidx.work:work-runtime:2.7.1] AndroidManifest.xml:134:13-44
194            android:enabled="true"
194-->[androidx.work:work-runtime:2.7.1] AndroidManifest.xml:135:13-35
195            android:exported="true"
195-->[androidx.work:work-runtime:2.7.1] AndroidManifest.xml:136:13-36
196            android:permission="android.permission.DUMP" >
196-->[androidx.work:work-runtime:2.7.1] AndroidManifest.xml:137:13-57
197            <intent-filter>
197-->[androidx.work:work-runtime:2.7.1] AndroidManifest.xml:139:13-141:29
198                <action android:name="androidx.work.diagnostics.REQUEST_DIAGNOSTICS" />
198-->[androidx.work:work-runtime:2.7.1] AndroidManifest.xml:140:17-88
198-->[androidx.work:work-runtime:2.7.1] AndroidManifest.xml:140:25-85
199            </intent-filter>
200        </receiver>
201
202        <service
202-->[androidx.room:room-runtime:2.2.5] AndroidManifest.xml:25:9-28:40
203            android:name="androidx.room.MultiInstanceInvalidationService"
203-->[androidx.room:room-runtime:2.2.5] AndroidManifest.xml:26:13-74
204            android:directBootAware="true"
204-->[androidx.room:room-runtime:2.2.5] AndroidManifest.xml:27:13-43
205            android:exported="false" />
205-->[androidx.room:room-runtime:2.2.5] AndroidManifest.xml:28:13-37
206
207        <meta-data
207-->[com.facebook.soloader:soloader:0.10.5] AndroidManifest.xml:12:9-14:37
208            android:name="com.facebook.soloader.enabled"
208-->[com.facebook.soloader:soloader:0.10.5] AndroidManifest.xml:13:13-57
209            android:value="false" />
209-->[com.facebook.soloader:soloader:0.10.5] AndroidManifest.xml:14:13-34
210
211        <activity
211-->[com.jakewharton:process-phoenix:2.1.2] AndroidManifest.xml:8:9-12:75
212            android:name="com.jakewharton.processphoenix.ProcessPhoenix"
212-->[com.jakewharton:process-phoenix:2.1.2] AndroidManifest.xml:9:13-73
213            android:exported="false"
213-->[com.jakewharton:process-phoenix:2.1.2] AndroidManifest.xml:10:13-37
214            android:process=":phoenix"
214-->[com.jakewharton:process-phoenix:2.1.2] AndroidManifest.xml:11:13-39
215            android:theme="@android:style/Theme.Translucent.NoTitleBar" />
215-->[com.jakewharton:process-phoenix:2.1.2] AndroidManifest.xml:12:13-72
216    </application>
217
218</manifest>